{"/Users/pcq146/Desktop/exam/ParkingSlot/assets/images/images.ts": {"path":"/Users/pcq146/Desktop/exam/ParkingSlot/assets/images/images.ts","statementMap":{"0":{"start":{"line":1,"column":22},"end":{"line":3,"column":1}}},"fnMap":{},"branchMap":{},"s":{"0":2},"f":{},"b":{},"_coverageSchema":"1a1c01bbd47fc00a2c39e90264f33305004495a9","hash":"b9001fb594fdd71704d78a8444bd05f01c84b5b5"}
,"/Users/pcq146/Desktop/exam/ParkingSlot/components/Button.tsx": {"path":"/Users/pcq146/Desktop/exam/ParkingSlot/components/Button.tsx","statementMap":{"0":{"start":{"line":11,"column":22},"end":{"line":16,"column":1}},"1":{"start":{"line":12,"column":63},"end":{"line":12,"column":68}},"2":{"start":{"line":13,"column":4},"end":{"line":15,"column":24}},"3":{"start":{"line":19,"column":15},"end":{"line":29,"column":2}}},"fnMap":{"0":{"name":"(anonymous_0)","decl":{"start":{"line":11,"column":22},"end":{"line":11,"column":23}},"loc":{"start":{"line":11,"column":46},"end":{"line":16,"column":1}},"line":11}},"branchMap":{"0":{"loc":{"start":{"line":13,"column":90},"end":{"line":13,"column":105}},"type":"binary-expr","locations":[{"start":{"line":13,"column":90},"end":{"line":13,"column":99}},{"start":{"line":13,"column":103},"end":{"line":13,"column":105}}],"line":13}},"s":{"0":3,"1":113,"2":113,"3":3},"f":{"0":113},"b":{"0":[113,85]},"_coverageSchema":"1a1c01bbd47fc00a2c39e90264f33305004495a9","hash":"cefb5f91b31bf0475e881b2f41f7db344c077574"}
,"/Users/pcq146/Desktop/exam/ParkingSlot/components/StyledText.tsx": {"path":"/Users/pcq146/Desktop/exam/ParkingSlot/components/StyledText.tsx","statementMap":{"0":{"start":{"line":4,"column":2},"end":{"line":4,"column":81}}},"fnMap":{"0":{"name":"MonoText","decl":{"start":{"line":3,"column":16},"end":{"line":3,"column":24}},"loc":{"start":{"line":3,"column":43},"end":{"line":5,"column":1}},"line":3}},"branchMap":{},"s":{"0":1},"f":{"0":1},"b":{},"_coverageSchema":"1a1c01bbd47fc00a2c39e90264f33305004495a9","hash":"f06ec9a0f86a25d033b395dce8b9f51f2c9318fd"}
,"/Users/pcq146/Desktop/exam/ParkingSlot/components/Themed.tsx": {"path":"/Users/pcq146/Desktop/exam/ParkingSlot/components/Themed.tsx","statementMap":{"0":{"start":{"line":15,"column":16},"end":{"line":15,"column":32}},"1":{"start":{"line":16,"column":25},"end":{"line":16,"column":37}},"2":{"start":{"line":18,"column":2},"end":{"line":22,"column":3}},"3":{"start":{"line":19,"column":4},"end":{"line":19,"column":26}},"4":{"start":{"line":21,"column":4},"end":{"line":21,"column":36}},"5":{"start":{"line":34,"column":58},"end":{"line":34,"column":63}},"6":{"start":{"line":35,"column":16},"end":{"line":35,"column":77}},"7":{"start":{"line":37,"column":2},"end":{"line":37,"column":68}},"8":{"start":{"line":41,"column":58},"end":{"line":41,"column":63}},"9":{"start":{"line":42,"column":26},"end":{"line":42,"column":93}},"10":{"start":{"line":44,"column":2},"end":{"line":44,"column":78}}},"fnMap":{"0":{"name":"useThemeColor","decl":{"start":{"line":11,"column":16},"end":{"line":11,"column":29}},"loc":{"start":{"line":14,"column":2},"end":{"line":23,"column":1}},"line":14},"1":{"name":"Text","decl":{"start":{"line":33,"column":16},"end":{"line":33,"column":20}},"loc":{"start":{"line":33,"column":39},"end":{"line":38,"column":1}},"line":33},"2":{"name":"View","decl":{"start":{"line":40,"column":16},"end":{"line":40,"column":20}},"loc":{"start":{"line":40,"column":39},"end":{"line":45,"column":1}},"line":40}},"branchMap":{"0":{"loc":{"start":{"line":18,"column":2},"end":{"line":22,"column":3}},"type":"if","locations":[{"start":{"line":18,"column":2},"end":{"line":22,"column":3}},{"start":{"line":20,"column":9},"end":{"line":22,"column":3}}],"line":18}},"s":{"0":113,"1":113,"2":113,"3":0,"4":113,"5":1,"6":1,"7":1,"8":112,"9":112,"10":112},"f":{"0":113,"1":1,"2":112},"b":{"0":[0,113]},"_coverageSchema":"1a1c01bbd47fc00a2c39e90264f33305004495a9","hash":"88386859e7b96f9ca7f58784cfd5538ca2171404"}
,"/Users/pcq146/Desktop/exam/ParkingSlot/components/index.ts": {"path":"/Users/pcq146/Desktop/exam/ParkingSlot/components/index.ts","statementMap":{},"fnMap":{},"branchMap":{},"s":{},"f":{},"b":{},"_coverageSchema":"1a1c01bbd47fc00a2c39e90264f33305004495a9","hash":"950ede14aa7c09aac7dffda197d62c9f20af4c1b"}
,"/Users/pcq146/Desktop/exam/ParkingSlot/constants/Colors.ts": {"path":"/Users/pcq146/Desktop/exam/ParkingSlot/constants/Colors.ts","statementMap":{"0":{"start":{"line":1,"column":23},"end":{"line":1,"column":32}},"1":{"start":{"line":2,"column":22},"end":{"line":2,"column":28}}},"fnMap":{},"branchMap":{},"s":{"0":3,"1":3},"f":{},"b":{},"_coverageSchema":"1a1c01bbd47fc00a2c39e90264f33305004495a9","hash":"18e595ff9973bb18497b0eeb1aa7919f17eb4433"}
,"/Users/pcq146/Desktop/exam/ParkingSlot/hooks/useColorScheme.ts": {"path":"/Users/pcq146/Desktop/exam/ParkingSlot/hooks/useColorScheme.ts","statementMap":{"0":{"start":{"line":7,"column":2},"end":{"line":7,"column":59}}},"fnMap":{"0":{"name":"useColorScheme","decl":{"start":{"line":6,"column":24},"end":{"line":6,"column":38}},"loc":{"start":{"line":6,"column":71},"end":{"line":8,"column":1}},"line":6}},"branchMap":{},"s":{"0":113},"f":{"0":113},"b":{},"_coverageSchema":"1a1c01bbd47fc00a2c39e90264f33305004495a9","hash":"83fd3f832ea1f5047964e4d694e0d06f354c4596"}
,"/Users/pcq146/Desktop/exam/ParkingSlot/navigation/MockedNavigator.tsx": {"path":"/Users/pcq146/Desktop/exam/ParkingSlot/navigation/MockedNavigator.tsx","statementMap":{"0":{"start":{"line":5,"column":14},"end":{"line":5,"column":36}},"1":{"start":{"line":6,"column":24},"end":{"line":18,"column":1}},"2":{"start":{"line":7,"column":2},"end":{"line":17,"column":4}}},"fnMap":{"0":{"name":"(anonymous_0)","decl":{"start":{"line":6,"column":24},"end":{"line":6,"column":25}},"loc":{"start":{"line":6,"column":56},"end":{"line":18,"column":1}},"line":6}},"branchMap":{"0":{"loc":{"start":{"line":6,"column":38},"end":{"line":6,"column":49}},"type":"default-arg","locations":[{"start":{"line":6,"column":47},"end":{"line":6,"column":49}}],"line":6}},"s":{"0":1,"1":1,"2":1},"f":{"0":1},"b":{"0":[0]},"_coverageSchema":"1a1c01bbd47fc00a2c39e90264f33305004495a9","hash":"a2b48182c6c3405442777a041150c79cdd306c2e"}
,"/Users/pcq146/Desktop/exam/ParkingSlot/redux/configureStore.ts": {"path":"/Users/pcq146/Desktop/exam/ParkingSlot/redux/configureStore.ts","statementMap":{"0":{"start":{"line":8,"column":22},"end":{"line":11,"column":1}},"1":{"start":{"line":13,"column":20},"end":{"line":15,"column":2}},"2":{"start":{"line":17,"column":25},"end":{"line":17,"column":67}},"3":{"start":{"line":19,"column":12},"end":{"line":19,"column":41}},"4":{"start":{"line":20,"column":16},"end":{"line":20,"column":35}}},"fnMap":{},"branchMap":{},"s":{"0":2,"1":2,"2":2,"3":2,"4":2},"f":{},"b":{},"_coverageSchema":"1a1c01bbd47fc00a2c39e90264f33305004495a9","hash":"1c42facb31bb5980af92ca1f143b68df9ed196b6"}
,"/Users/pcq146/Desktop/exam/ParkingSlot/redux/reducer/parking-slot-slice.ts": {"path":"/Users/pcq146/Desktop/exam/ParkingSlot/redux/reducer/parking-slot-slice.ts","statementMap":{"0":{"start":{"line":9,"column":35},"end":{"line":12,"column":1}},"1":{"start":{"line":14,"column":32},"end":{"line":25,"column":2}},"2":{"start":{"line":19,"column":6},"end":{"line":19,"column":41}},"3":{"start":{"line":22,"column":6},"end":{"line":22,"column":37}},"4":{"start":{"line":28,"column":56},"end":{"line":28,"column":80}}},"fnMap":{"0":{"name":"(anonymous_0)","decl":{"start":{"line":18,"column":21},"end":{"line":18,"column":22}},"loc":{"start":{"line":18,"column":40},"end":{"line":20,"column":5}},"line":18},"1":{"name":"(anonymous_1)","decl":{"start":{"line":21,"column":24},"end":{"line":21,"column":25}},"loc":{"start":{"line":21,"column":43},"end":{"line":23,"column":5}},"line":21}},"branchMap":{},"s":{"0":3,"1":3,"2":6,"3":20,"4":3},"f":{"0":6,"1":20},"b":{},"_coverageSchema":"1a1c01bbd47fc00a2c39e90264f33305004495a9","hash":"235bf2171f13b6e61dda95b4c5cbdf50eee93f0b"}
,"/Users/pcq146/Desktop/exam/ParkingSlot/screens/Hello.tsx": {"path":"/Users/pcq146/Desktop/exam/ParkingSlot/screens/Hello.tsx","statementMap":{"0":{"start":{"line":4,"column":14},"end":{"line":8,"column":1}},"1":{"start":{"line":5,"column":2},"end":{"line":7,"column":9}}},"fnMap":{"0":{"name":"(anonymous_0)","decl":{"start":{"line":4,"column":14},"end":{"line":4,"column":15}},"loc":{"start":{"line":5,"column":2},"end":{"line":7,"column":9}},"line":5}},"branchMap":{},"s":{"0":1,"1":1},"f":{"0":1},"b":{},"_coverageSchema":"1a1c01bbd47fc00a2c39e90264f33305004495a9","hash":"e92fa915949988e0a694e29f99089ee7af57d4ac"}
,"/Users/pcq146/Desktop/exam/ParkingSlot/screens/createlot/create-lot.style.ts": {"path":"/Users/pcq146/Desktop/exam/ParkingSlot/screens/createlot/create-lot.style.ts","statementMap":{"0":{"start":{"line":4,"column":15},"end":{"line":41,"column":2}}},"fnMap":{},"branchMap":{},"s":{"0":2},"f":{},"b":{},"_coverageSchema":"1a1c01bbd47fc00a2c39e90264f33305004495a9","hash":"a236f50698b1aad4d2a462d7dd2a850fc1759672"}
,"/Users/pcq146/Desktop/exam/ParkingSlot/screens/createlot/create-lot.tsx": {"path":"/Users/pcq146/Desktop/exam/ParkingSlot/screens/createlot/create-lot.tsx","statementMap":{"0":{"start":{"line":17,"column":21},"end":{"line":17,"column":34}},"1":{"start":{"line":18,"column":24},"end":{"line":18,"column":63}},"2":{"start":{"line":18,"column":45},"end":{"line":18,"column":62}},"3":{"start":{"line":19,"column":39},"end":{"line":19,"column":81}},"4":{"start":{"line":20,"column":38},"end":{"line":20,"column":58}},"5":{"start":{"line":22,"column":25},"end":{"line":31,"column":5}},"6":{"start":{"line":23,"column":8},"end":{"line":26,"column":9}},"7":{"start":{"line":24,"column":12},"end":{"line":24,"column":39}},"8":{"start":{"line":25,"column":12},"end":{"line":25,"column":18}},"9":{"start":{"line":27,"column":8},"end":{"line":27,"column":26}},"10":{"start":{"line":28,"column":8},"end":{"line":28,"column":45}},"11":{"start":{"line":29,"column":8},"end":{"line":29,"column":27}},"12":{"start":{"line":30,"column":8},"end":{"line":30,"column":48}},"13":{"start":{"line":33,"column":24},"end":{"line":47,"column":5}},"14":{"start":{"line":34,"column":8},"end":{"line":46,"column":10}},"15":{"start":{"line":35,"column":45},"end":{"line":35,"column":47}},"16":{"start":{"line":36,"column":12},"end":{"line":43,"column":13}},"17":{"start":{"line":36,"column":25},"end":{"line":36,"column":26}},"18":{"start":{"line":37,"column":16},"end":{"line":42,"column":34}},"19":{"start":{"line":44,"column":12},"end":{"line":44,"column":50}},"20":{"start":{"line":45,"column":12},"end":{"line":45,"column":23}},"21":{"start":{"line":49,"column":22},"end":{"line":54,"column":5}},"22":{"start":{"line":50,"column":8},"end":{"line":50,"column":23}},"23":{"start":{"line":51,"column":8},"end":{"line":51,"column":24}},"24":{"start":{"line":52,"column":8},"end":{"line":52,"column":36}},"25":{"start":{"line":53,"column":8},"end":{"line":53,"column":40}},"26":{"start":{"line":56,"column":21},"end":{"line":58,"column":5}},"27":{"start":{"line":57,"column":8},"end":{"line":57,"column":48}},"28":{"start":{"line":60,"column":22},"end":{"line":96,"column":5}},"29":{"start":{"line":61,"column":27},"end":{"line":61,"column":29}},"30":{"start":{"line":62,"column":26},"end":{"line":62,"column":50}},"31":{"start":{"line":63,"column":8},"end":{"line":65,"column":9}},"32":{"start":{"line":64,"column":12},"end":{"line":64,"column":72}},"33":{"start":{"line":66,"column":8},"end":{"line":66,"column":27}},"34":{"start":{"line":67,"column":8},"end":{"line":67,"column":78}},"35":{"start":{"line":68,"column":8},"end":{"line":68,"column":96}},"36":{"start":{"line":70,"column":32},"end":{"line":72,"column":10}},"37":{"start":{"line":71,"column":12},"end":{"line":71,"column":40}},"38":{"start":{"line":73,"column":8},"end":{"line":73,"column":67}},"39":{"start":{"line":74,"column":8},"end":{"line":77,"column":9}},"40":{"start":{"line":75,"column":12},"end":{"line":75,"column":35}},"41":{"start":{"line":76,"column":12},"end":{"line":76,"column":18}},"42":{"start":{"line":78,"column":8},"end":{"line":78,"column":26}},"43":{"start":{"line":80,"column":46},"end":{"line":80,"column":111}},"44":{"start":{"line":80,"column":98},"end":{"line":80,"column":110}},"45":{"start":{"line":81,"column":31},"end":{"line":81,"column":81}},"46":{"start":{"line":82,"column":28},"end":{"line":92,"column":10}},"47":{"start":{"line":83,"column":12},"end":{"line":83,"column":69}},"48":{"start":{"line":84,"column":12},"end":{"line":91,"column":20}},"49":{"start":{"line":93,"column":8},"end":{"line":93,"column":49}},"50":{"start":{"line":94,"column":8},"end":{"line":94,"column":24}},"51":{"start":{"line":95,"column":8},"end":{"line":95,"column":48}},"52":{"start":{"line":98,"column":4},"end":{"line":127,"column":6}},"53":{"start":{"line":103,"column":41},"end":{"line":103,"column":70}},"54":{"start":{"line":118,"column":45},"end":{"line":118,"column":64}}},"fnMap":{"0":{"name":"CreateLot","decl":{"start":{"line":15,"column":24},"end":{"line":15,"column":33}},"loc":{"start":{"line":15,"column":50},"end":{"line":128,"column":1}},"line":15},"1":{"name":"(anonymous_1)","decl":{"start":{"line":18,"column":36},"end":{"line":18,"column":37}},"loc":{"start":{"line":18,"column":45},"end":{"line":18,"column":62}},"line":18},"2":{"name":"(anonymous_2)","decl":{"start":{"line":22,"column":25},"end":{"line":22,"column":26}},"loc":{"start":{"line":22,"column":52},"end":{"line":31,"column":5}},"line":22},"3":{"name":"(anonymous_3)","decl":{"start":{"line":33,"column":24},"end":{"line":33,"column":25}},"loc":{"start":{"line":33,"column":30},"end":{"line":47,"column":5}},"line":33},"4":{"name":"(anonymous_4)","decl":{"start":{"line":34,"column":27},"end":{"line":34,"column":28}},"loc":{"start":{"line":34,"column":48},"end":{"line":46,"column":9}},"line":34},"5":{"name":"(anonymous_5)","decl":{"start":{"line":49,"column":22},"end":{"line":49,"column":23}},"loc":{"start":{"line":49,"column":34},"end":{"line":54,"column":5}},"line":49},"6":{"name":"(anonymous_6)","decl":{"start":{"line":56,"column":21},"end":{"line":56,"column":22}},"loc":{"start":{"line":56,"column":27},"end":{"line":58,"column":5}},"line":56},"7":{"name":"(anonymous_7)","decl":{"start":{"line":60,"column":22},"end":{"line":60,"column":23}},"loc":{"start":{"line":60,"column":34},"end":{"line":96,"column":5}},"line":60},"8":{"name":"(anonymous_8)","decl":{"start":{"line":70,"column":63},"end":{"line":70,"column":64}},"loc":{"start":{"line":70,"column":87},"end":{"line":72,"column":9}},"line":70},"9":{"name":"(anonymous_9)","decl":{"start":{"line":80,"column":74},"end":{"line":80,"column":75}},"loc":{"start":{"line":80,"column":98},"end":{"line":80,"column":110}},"line":80},"10":{"name":"(anonymous_10)","decl":{"start":{"line":82,"column":53},"end":{"line":82,"column":54}},"loc":{"start":{"line":82,"column":77},"end":{"line":92,"column":9}},"line":82},"11":{"name":"(anonymous_11)","decl":{"start":{"line":103,"column":30},"end":{"line":103,"column":31}},"loc":{"start":{"line":103,"column":41},"end":{"line":103,"column":70}},"line":103},"12":{"name":"(anonymous_12)","decl":{"start":{"line":118,"column":34},"end":{"line":118,"column":35}},"loc":{"start":{"line":118,"column":45},"end":{"line":118,"column":64}},"line":118}},"branchMap":{"0":{"loc":{"start":{"line":23,"column":8},"end":{"line":26,"column":9}},"type":"if","locations":[{"start":{"line":23,"column":8},"end":{"line":26,"column":9}},{"start":{},"end":{}}],"line":23},"1":{"loc":{"start":{"line":63,"column":8},"end":{"line":65,"column":9}},"type":"if","locations":[{"start":{"line":63,"column":8},"end":{"line":65,"column":9}},{"start":{},"end":{}}],"line":63},"2":{"loc":{"start":{"line":67,"column":8},"end":{"line":67,"column":77}},"type":"binary-expr","locations":[{"start":{"line":67,"column":8},"end":{"line":67,"column":40}},{"start":{"line":67,"column":45},"end":{"line":67,"column":76}}],"line":67},"3":{"loc":{"start":{"line":68,"column":8},"end":{"line":68,"column":95}},"type":"binary-expr","locations":[{"start":{"line":68,"column":9},"end":{"line":68,"column":19}},{"start":{"line":68,"column":23},"end":{"line":68,"column":51}},{"start":{"line":68,"column":57},"end":{"line":68,"column":94}}],"line":68},"4":{"loc":{"start":{"line":73,"column":8},"end":{"line":73,"column":66}},"type":"binary-expr","locations":[{"start":{"line":73,"column":8},"end":{"line":73,"column":27}},{"start":{"line":73,"column":32},"end":{"line":73,"column":65}}],"line":73},"5":{"loc":{"start":{"line":74,"column":8},"end":{"line":77,"column":9}},"type":"if","locations":[{"start":{"line":74,"column":8},"end":{"line":77,"column":9}},{"start":{},"end":{}}],"line":74},"6":{"loc":{"start":{"line":84,"column":19},"end":{"line":91,"column":20}},"type":"cond-expr","locations":[{"start":{"line":84,"column":66},"end":{"line":91,"column":13}},{"start":{"line":91,"column":16},"end":{"line":91,"column":20}}],"line":84},"7":{"loc":{"start":{"line":104,"column":26},"end":{"line":104,"column":42}},"type":"binary-expr","locations":[{"start":{"line":104,"column":26},"end":{"line":104,"column":36}},{"start":{"line":104,"column":40},"end":{"line":104,"column":42}}],"line":104}},"s":{"0":32,"1":31,"2":39,"3":31,"4":31,"5":31,"6":2,"7":1,"8":1,"9":1,"10":1,"11":1,"12":1,"13":31,"14":1,"15":1,"16":1,"17":1,"18":4,"19":1,"20":1,"21":31,"22":1,"23":1,"24":1,"25":1,"26":31,"27":1,"28":31,"29":4,"30":4,"31":4,"32":1,"33":4,"34":4,"35":4,"36":4,"37":4,"38":4,"39":4,"40":2,"41":2,"42":2,"43":2,"44":6,"45":2,"46":2,"47":6,"48":6,"49":2,"50":2,"51":2,"52":31,"53":7,"54":6},"f":{"0":32,"1":39,"2":2,"3":1,"4":1,"5":1,"6":1,"7":4,"8":4,"9":6,"10":6,"11":7,"12":6},"b":{"0":[1,1],"1":[1,3],"2":[4,0],"3":[4,4,0],"4":[4,1],"5":[2,2],"6":[2,4],"7":[31,12]},"_coverageSchema":"1a1c01bbd47fc00a2c39e90264f33305004495a9","hash":"8308d6b1e4e32a5b74707285a6f1ceceae4453b2"}
,"/Users/pcq146/Desktop/exam/ParkingSlot/screens/parking-slots/mock-slot.ts": {"path":"/Users/pcq146/Desktop/exam/ParkingSlot/screens/parking-slots/mock-slot.ts","statementMap":{"0":{"start":{"line":4,"column":45},"end":{"line":21,"column":1}}},"fnMap":{},"branchMap":{},"s":{"0":2},"f":{},"b":{},"_coverageSchema":"1a1c01bbd47fc00a2c39e90264f33305004495a9","hash":"64f6b508343a4e9a17442dd18d8e18b439ebc717"}
,"/Users/pcq146/Desktop/exam/ParkingSlot/screens/parking-slots/parking-slot.tsx": {"path":"/Users/pcq146/Desktop/exam/ParkingSlot/screens/parking-slots/parking-slot.tsx","statementMap":{"0":{"start":{"line":17,"column":22},"end":{"line":17,"column":61}},"1":{"start":{"line":17,"column":43},"end":{"line":17,"column":60}},"2":{"start":{"line":18,"column":19},"end":{"line":18,"column":32}},"3":{"start":{"line":20,"column":25},"end":{"line":26,"column":3}},"4":{"start":{"line":21,"column":4},"end":{"line":21,"column":25}},"5":{"start":{"line":22,"column":4},"end":{"line":25,"column":29}},"6":{"start":{"line":23,"column":39},"end":{"line":23,"column":43}},"7":{"start":{"line":24,"column":35},"end":{"line":24,"column":57}},"8":{"start":{"line":28,"column":20},"end":{"line":36,"column":3}},"9":{"start":{"line":29,"column":4},"end":{"line":29,"column":24}},"10":{"start":{"line":30,"column":34},"end":{"line":30,"column":68}},"11":{"start":{"line":31,"column":4},"end":{"line":31,"column":42}},"12":{"start":{"line":32,"column":21},"end":{"line":32,"column":69}},"13":{"start":{"line":33,"column":4},"end":{"line":33,"column":40}},"14":{"start":{"line":34,"column":4},"end":{"line":34,"column":42}},"15":{"start":{"line":35,"column":4},"end":{"line":35,"column":67}},"16":{"start":{"line":38,"column":21},"end":{"line":40,"column":3}},"17":{"start":{"line":39,"column":4},"end":{"line":39,"column":76}},"18":{"start":{"line":42,"column":2},"end":{"line":57,"column":4}},"19":{"start":{"line":51,"column":32},"end":{"line":51,"column":39}}},"fnMap":{"0":{"name":"ParkingSlot","decl":{"start":{"line":15,"column":24},"end":{"line":15,"column":35}},"loc":{"start":{"line":15,"column":52},"end":{"line":58,"column":1}},"line":15},"1":{"name":"(anonymous_1)","decl":{"start":{"line":17,"column":34},"end":{"line":17,"column":35}},"loc":{"start":{"line":17,"column":43},"end":{"line":17,"column":60}},"line":17},"2":{"name":"(anonymous_2)","decl":{"start":{"line":20,"column":25},"end":{"line":20,"column":26}},"loc":{"start":{"line":20,"column":64},"end":{"line":26,"column":3}},"line":20},"3":{"name":"(anonymous_3)","decl":{"start":{"line":23,"column":33},"end":{"line":23,"column":34}},"loc":{"start":{"line":23,"column":39},"end":{"line":23,"column":43}},"line":23},"4":{"name":"(anonymous_4)","decl":{"start":{"line":24,"column":29},"end":{"line":24,"column":30}},"loc":{"start":{"line":24,"column":35},"end":{"line":24,"column":57}},"line":24},"5":{"name":"(anonymous_5)","decl":{"start":{"line":28,"column":20},"end":{"line":28,"column":21}},"loc":{"start":{"line":28,"column":59},"end":{"line":36,"column":3}},"line":28},"6":{"name":"(anonymous_6)","decl":{"start":{"line":38,"column":21},"end":{"line":38,"column":22}},"loc":{"start":{"line":39,"column":4},"end":{"line":39,"column":76}},"line":39},"7":{"name":"(anonymous_7)","decl":{"start":{"line":51,"column":24},"end":{"line":51,"column":25}},"loc":{"start":{"line":51,"column":32},"end":{"line":51,"column":39}},"line":51}},"branchMap":{"0":{"loc":{"start":{"line":44,"column":7},"end":{"line":55,"column":13}},"type":"cond-expr","locations":[{"start":{"line":44,"column":41},"end":{"line":53,"column":13}},{"start":{"line":53,"column":16},"end":{"line":55,"column":13}}],"line":44}},"s":{"0":10,"1":14,"2":10,"3":10,"4":2,"5":2,"6":1,"7":1,"8":10,"9":1,"10":1,"11":1,"12":1,"13":1,"14":1,"15":1,"16":10,"17":18,"18":10,"19":14},"f":{"0":10,"1":14,"2":2,"3":1,"4":1,"5":1,"6":18,"7":14},"b":{"0":[7,3]},"_coverageSchema":"1a1c01bbd47fc00a2c39e90264f33305004495a9","hash":"8d694a70df5b0bd9eba2ef8aaf63aede78e977b9"}
,"/Users/pcq146/Desktop/exam/ParkingSlot/screens/parking-slots/slot-container.tsx": {"path":"/Users/pcq146/Desktop/exam/ParkingSlot/screens/parking-slots/slot-container.tsx","statementMap":{"0":{"start":{"line":7,"column":14},"end":{"line":7,"column":44}},"1":{"start":{"line":8,"column":17},"end":{"line":8,"column":33}},"2":{"start":{"line":11,"column":29},"end":{"line":27,"column":1}},"3":{"start":{"line":12,"column":36},"end":{"line":12,"column":46}},"4":{"start":{"line":13,"column":26},"end":{"line":15,"column":5}},"5":{"start":{"line":14,"column":8},"end":{"line":14,"column":85}},"6":{"start":{"line":17,"column":4},"end":{"line":26,"column":24}},"7":{"start":{"line":20,"column":27},"end":{"line":20,"column":69}},"8":{"start":{"line":29,"column":15},"end":{"line":49,"column":2}}},"fnMap":{"0":{"name":"(anonymous_0)","decl":{"start":{"line":11,"column":29},"end":{"line":11,"column":30}},"loc":{"start":{"line":11,"column":59},"end":{"line":27,"column":1}},"line":11},"1":{"name":"(anonymous_1)","decl":{"start":{"line":13,"column":26},"end":{"line":13,"column":27}},"loc":{"start":{"line":13,"column":58},"end":{"line":15,"column":5}},"line":13},"2":{"name":"(anonymous_2)","decl":{"start":{"line":20,"column":21},"end":{"line":20,"column":22}},"loc":{"start":{"line":20,"column":27},"end":{"line":20,"column":69}},"line":20}},"branchMap":{"0":{"loc":{"start":{"line":14,"column":39},"end":{"line":14,"column":83}},"type":"cond-expr","locations":[{"start":{"line":14,"column":54},"end":{"line":14,"column":65}},{"start":{"line":14,"column":68},"end":{"line":14,"column":83}}],"line":14},"1":{"loc":{"start":{"line":21,"column":47},"end":{"line":21,"column":82}},"type":"cond-expr","locations":[{"start":{"line":21,"column":57},"end":{"line":21,"column":69}},{"start":{"line":21,"column":72},"end":{"line":21,"column":82}}],"line":21},"2":{"loc":{"start":{"line":22,"column":9},"end":{"line":25,"column":15}},"type":"binary-expr","locations":[{"start":{"line":22,"column":9},"end":{"line":22,"column":17}},{"start":{"line":22,"column":21},"end":{"line":25,"column":15}}],"line":22}},"s":{"0":2,"1":2,"2":2,"3":20,"4":20,"5":20,"6":20,"7":3,"8":2},"f":{"0":20,"1":20,"2":3},"b":{"0":[9,11],"1":[9,11],"2":[20,11]},"_coverageSchema":"1a1c01bbd47fc00a2c39e90264f33305004495a9","hash":"d8ebee5f6833e05edad9f0d8d9cde3af6ea78019"}
,"/Users/pcq146/Desktop/exam/ParkingSlot/utils/alerts.ts": {"path":"/Users/pcq146/Desktop/exam/ParkingSlot/utils/alerts.ts","statementMap":{"0":{"start":{"line":3,"column":25},"end":{"line":5,"column":1}},"1":{"start":{"line":4,"column":4},"end":{"line":4,"column":24}}},"fnMap":{"0":{"name":"(anonymous_0)","decl":{"start":{"line":3,"column":25},"end":{"line":3,"column":26}},"loc":{"start":{"line":3,"column":52},"end":{"line":5,"column":1}},"line":3}},"branchMap":{},"s":{"0":2,"1":3},"f":{"0":3},"b":{},"_coverageSchema":"1a1c01bbd47fc00a2c39e90264f33305004495a9","hash":"da89e10ed603473fe4726b286b5864915278be29"}
,"/Users/pcq146/Desktop/exam/ParkingSlot/utils/colors.ts": {"path":"/Users/pcq146/Desktop/exam/ParkingSlot/utils/colors.ts","statementMap":{"0":{"start":{"line":1,"column":22},"end":{"line":6,"column":1}}},"fnMap":{},"branchMap":{},"s":{"0":6},"f":{},"b":{},"_coverageSchema":"1a1c01bbd47fc00a2c39e90264f33305004495a9","hash":"a25e582e90696ed55f577cea3e279bb6a8f3be38"}
,"/Users/pcq146/Desktop/exam/ParkingSlot/utils/common-style.ts": {"path":"/Users/pcq146/Desktop/exam/ParkingSlot/utils/common-style.ts","statementMap":{"0":{"start":{"line":3,"column":21},"end":{"line":16,"column":4}}},"fnMap":{},"branchMap":{},"s":{"0":6},"f":{},"b":{},"_coverageSchema":"1a1c01bbd47fc00a2c39e90264f33305004495a9","hash":"f73bfdb61cb41225606cf85690c6b80c848bd544"}
,"/Users/pcq146/Desktop/exam/ParkingSlot/utils/index.ts": {"path":"/Users/pcq146/Desktop/exam/ParkingSlot/utils/index.ts","statementMap":{},"fnMap":{},"branchMap":{},"s":{},"f":{},"b":{},"_coverageSchema":"1a1c01bbd47fc00a2c39e90264f33305004495a9","hash":"a7293466ec0ee6c2139af01b291e89e94365563b"}
,"/Users/pcq146/Desktop/exam/ParkingSlot/utils/strings.ts": {"path":"/Users/pcq146/Desktop/exam/ParkingSlot/utils/strings.ts","statementMap":{"0":{"start":{"line":1,"column":22},"end":{"line":10,"column":1}}},"fnMap":{},"branchMap":{},"s":{"0":6},"f":{},"b":{},"_coverageSchema":"1a1c01bbd47fc00a2c39e90264f33305004495a9","hash":"e9432789e13f1636d0180cb9d63af8d9a265db07"}
,"/Users/pcq146/Desktop/exam/ParkingSlot/utils/utils.ts": {"path":"/Users/pcq146/Desktop/exam/ParkingSlot/utils/utils.ts","statementMap":{"0":{"start":{"line":3,"column":17},"end":{"line":5,"column":1}},"1":{"start":{"line":4,"column":2},"end":{"line":4,"column":41}},"2":{"start":{"line":7,"column":32},"end":{"line":20,"column":1}},"3":{"start":{"line":8,"column":18},"end":{"line":8,"column":35}},"4":{"start":{"line":9,"column":16},"end":{"line":9,"column":31}},"5":{"start":{"line":11,"column":17},"end":{"line":11,"column":51}},"6":{"start":{"line":12,"column":15},"end":{"line":14,"column":35}},"7":{"start":{"line":15,"column":4},"end":{"line":19,"column":5}},"8":{"start":{"line":16,"column":6},"end":{"line":16,"column":50}},"9":{"start":{"line":18,"column":6},"end":{"line":18,"column":33}},"10":{"start":{"line":22,"column":22},"end":{"line":26,"column":1}},"11":{"start":{"line":23,"column":16},"end":{"line":23,"column":73}},"12":{"start":{"line":24,"column":11},"end":{"line":24,"column":30}},"13":{"start":{"line":25,"column":2},"end":{"line":25,"column":23}},"14":{"start":{"line":28,"column":26},"end":{"line":35,"column":1}},"15":{"start":{"line":29,"column":18},"end":{"line":29,"column":35}},"16":{"start":{"line":30,"column":16},"end":{"line":30,"column":31}},"17":{"start":{"line":32,"column":12},"end":{"line":32,"column":44}},"18":{"start":{"line":33,"column":12},"end":{"line":33,"column":46}},"19":{"start":{"line":34,"column":2},"end":{"line":34,"column":31}}},"fnMap":{"0":{"name":"(anonymous_0)","decl":{"start":{"line":3,"column":17},"end":{"line":3,"column":18}},"loc":{"start":{"line":3,"column":36},"end":{"line":5,"column":1}},"line":3},"1":{"name":"(anonymous_1)","decl":{"start":{"line":7,"column":32},"end":{"line":7,"column":33}},"loc":{"start":{"line":7,"column":80},"end":{"line":20,"column":1}},"line":7},"2":{"name":"(anonymous_2)","decl":{"start":{"line":22,"column":22},"end":{"line":22,"column":23}},"loc":{"start":{"line":22,"column":50},"end":{"line":26,"column":1}},"line":22},"3":{"name":"(anonymous_3)","decl":{"start":{"line":28,"column":26},"end":{"line":28,"column":27}},"loc":{"start":{"line":28,"column":71},"end":{"line":35,"column":1}},"line":28}},"branchMap":{"0":{"loc":{"start":{"line":15,"column":4},"end":{"line":19,"column":5}},"type":"if","locations":[{"start":{"line":15,"column":4},"end":{"line":19,"column":5}},{"start":{"line":17,"column":10},"end":{"line":19,"column":5}}],"line":15}},"s":{"0":6,"1":1,"2":6,"3":2,"4":2,"5":2,"6":2,"7":2,"8":1,"9":1,"10":6,"11":2,"12":2,"13":2,"14":6,"15":0,"16":0,"17":0,"18":0,"19":0},"f":{"0":1,"1":2,"2":2,"3":0},"b":{"0":[1,1]},"_coverageSchema":"1a1c01bbd47fc00a2c39e90264f33305004495a9","hash":"a5f0f1667d869edb101e870879de287a79276fab"}
}
