TN:
SF:assets/images/images.ts
FNF:0
FNH:0
DA:1,2
LF:1
LH:1
BRF:0
BRH:0
end_of_record
TN:
SF:components/Button.tsx
FN:11,(anonymous_0)
FNF:1
FNH:1
FNDA:113,(anonymous_0)
DA:11,3
DA:12,113
DA:13,113
DA:19,3
LF:4
LH:4
BRDA:13,0,0,113
BRDA:13,0,1,85
BRF:2
BRH:2
end_of_record
TN:
SF:components/StyledText.tsx
FN:3,MonoText
FNF:1
FNH:1
FNDA:1,MonoText
DA:4,1
LF:1
LH:1
BRF:0
BRH:0
end_of_record
TN:
SF:components/Themed.tsx
FN:11,useThemeColor
FN:33,Text
FN:40,View
FNF:3
FNH:3
FNDA:113,useThemeColor
FNDA:1,Text
FNDA:112,View
DA:15,113
DA:16,113
DA:18,113
DA:19,0
DA:21,113
DA:34,1
DA:35,1
DA:37,1
DA:41,112
DA:42,112
DA:44,112
LF:11
LH:10
BRDA:18,0,0,0
BRDA:18,0,1,113
BRF:2
BRH:1
end_of_record
TN:
SF:components/index.ts
FNF:0
FNH:0
LF:0
LH:0
BRF:0
BRH:0
end_of_record
TN:
SF:constants/Colors.ts
FNF:0
FNH:0
DA:1,3
DA:2,3
LF:2
LH:2
BRF:0
BRH:0
end_of_record
TN:
SF:hooks/useColorScheme.ts
FN:6,useColorScheme
FNF:1
FNH:1
FNDA:113,useColorScheme
DA:7,113
LF:1
LH:1
BRF:0
BRH:0
end_of_record
TN:
SF:navigation/MockedNavigator.tsx
FN:6,(anonymous_0)
FNF:1
FNH:1
FNDA:1,(anonymous_0)
DA:5,1
DA:6,1
DA:7,1
LF:3
LH:3
BRDA:6,0,0,0
BRF:1
BRH:0
end_of_record
TN:
SF:redux/configureStore.ts
FNF:0
FNH:0
DA:8,2
DA:13,2
DA:17,2
DA:19,2
DA:20,2
LF:5
LH:5
BRF:0
BRH:0
end_of_record
TN:
SF:redux/reducer/parking-slot-slice.ts
FN:18,(anonymous_0)
FN:21,(anonymous_1)
FNF:2
FNH:2
FNDA:6,(anonymous_0)
FNDA:20,(anonymous_1)
DA:9,3
DA:14,3
DA:19,6
DA:22,20
DA:28,3
LF:5
LH:5
BRF:0
BRH:0
end_of_record
TN:
SF:screens/Hello.tsx
FN:4,(anonymous_0)
FNF:1
FNH:1
FNDA:1,(anonymous_0)
DA:4,1
DA:5,1
LF:2
LH:2
BRF:0
BRH:0
end_of_record
TN:
SF:screens/createlot/create-lot.style.ts
FNF:0
FNH:0
DA:4,2
LF:1
LH:1
BRF:0
BRH:0
end_of_record
TN:
SF:screens/createlot/create-lot.tsx
FN:15,CreateLot
FN:18,(anonymous_1)
FN:22,(anonymous_2)
FN:33,(anonymous_3)
FN:34,(anonymous_4)
FN:49,(anonymous_5)
FN:56,(anonymous_6)
FN:60,(anonymous_7)
FN:70,(anonymous_8)
FN:80,(anonymous_9)
FN:82,(anonymous_10)
FN:103,(anonymous_11)
FN:118,(anonymous_12)
FNF:13
FNH:13
FNDA:32,CreateLot
FNDA:39,(anonymous_1)
FNDA:2,(anonymous_2)
FNDA:1,(anonymous_3)
FNDA:1,(anonymous_4)
FNDA:1,(anonymous_5)
FNDA:1,(anonymous_6)
FNDA:4,(anonymous_7)
FNDA:4,(anonymous_8)
FNDA:6,(anonymous_9)
FNDA:6,(anonymous_10)
FNDA:7,(anonymous_11)
FNDA:6,(anonymous_12)
DA:17,32
DA:18,39
DA:19,31
DA:20,31
DA:22,31
DA:23,2
DA:24,1
DA:25,1
DA:27,1
DA:28,1
DA:29,1
DA:30,1
DA:33,31
DA:34,1
DA:35,1
DA:36,1
DA:37,4
DA:44,1
DA:45,1
DA:49,31
DA:50,1
DA:51,1
DA:52,1
DA:53,1
DA:56,31
DA:57,1
DA:60,31
DA:61,4
DA:62,4
DA:63,4
DA:64,1
DA:66,4
DA:67,4
DA:68,4
DA:70,4
DA:71,4
DA:73,4
DA:74,4
DA:75,2
DA:76,2
DA:78,2
DA:80,6
DA:81,2
DA:82,2
DA:83,6
DA:84,6
DA:93,2
DA:94,2
DA:95,2
DA:98,31
DA:103,7
DA:118,6
LF:52
LH:52
BRDA:23,0,0,1
BRDA:23,0,1,1
BRDA:63,1,0,1
BRDA:63,1,1,3
BRDA:67,2,0,4
BRDA:67,2,1,0
BRDA:68,3,0,4
BRDA:68,3,1,4
BRDA:68,3,2,0
BRDA:73,4,0,4
BRDA:73,4,1,1
BRDA:74,5,0,2
BRDA:74,5,1,2
BRDA:84,6,0,2
BRDA:84,6,1,4
BRDA:104,7,0,31
BRDA:104,7,1,12
BRF:17
BRH:15
end_of_record
TN:
SF:screens/parking-slots/mock-slot.ts
FNF:0
FNH:0
DA:4,2
LF:1
LH:1
BRF:0
BRH:0
end_of_record
TN:
SF:screens/parking-slots/parking-slot.tsx
FN:15,ParkingSlot
FN:17,(anonymous_1)
FN:20,(anonymous_2)
FN:23,(anonymous_3)
FN:24,(anonymous_4)
FN:28,(anonymous_5)
FN:38,(anonymous_6)
FN:51,(anonymous_7)
FNF:8
FNH:8
FNDA:10,ParkingSlot
FNDA:14,(anonymous_1)
FNDA:2,(anonymous_2)
FNDA:1,(anonymous_3)
FNDA:1,(anonymous_4)
FNDA:1,(anonymous_5)
FNDA:18,(anonymous_6)
FNDA:14,(anonymous_7)
DA:17,14
DA:18,10
DA:20,10
DA:21,2
DA:22,2
DA:23,1
DA:24,1
DA:28,10
DA:29,1
DA:30,1
DA:31,1
DA:32,1
DA:33,1
DA:34,1
DA:35,1
DA:38,10
DA:39,18
DA:42,10
DA:51,14
LF:19
LH:19
BRDA:44,0,0,7
BRDA:44,0,1,3
BRF:2
BRH:2
end_of_record
TN:
SF:screens/parking-slots/slot-container.tsx
FN:11,(anonymous_0)
FN:13,(anonymous_1)
FN:20,(anonymous_2)
FNF:3
FNH:3
FNDA:20,(anonymous_0)
FNDA:20,(anonymous_1)
FNDA:3,(anonymous_2)
DA:7,2
DA:8,2
DA:11,2
DA:12,20
DA:13,20
DA:14,20
DA:17,20
DA:20,3
DA:29,2
LF:9
LH:9
BRDA:14,0,0,9
BRDA:14,0,1,11
BRDA:21,1,0,9
BRDA:21,1,1,11
BRDA:22,2,0,20
BRDA:22,2,1,11
BRF:6
BRH:6
end_of_record
TN:
SF:utils/alerts.ts
FN:3,(anonymous_0)
FNF:1
FNH:1
FNDA:3,(anonymous_0)
DA:3,2
DA:4,3
LF:2
LH:2
BRF:0
BRH:0
end_of_record
TN:
SF:utils/colors.ts
FNF:0
FNH:0
DA:1,6
LF:1
LH:1
BRF:0
BRH:0
end_of_record
TN:
SF:utils/common-style.ts
FNF:0
FNH:0
DA:3,6
LF:1
LH:1
BRF:0
BRH:0
end_of_record
TN:
SF:utils/index.ts
FNF:0
FNH:0
LF:0
LH:0
BRF:0
BRH:0
end_of_record
TN:
SF:utils/strings.ts
FNF:0
FNH:0
DA:1,6
LF:1
LH:1
BRF:0
BRH:0
end_of_record
TN:
SF:utils/utils.ts
FN:3,(anonymous_0)
FN:7,(anonymous_1)
FN:22,(anonymous_2)
FN:28,(anonymous_3)
FNF:4
FNH:3
FNDA:1,(anonymous_0)
FNDA:2,(anonymous_1)
FNDA:2,(anonymous_2)
FNDA:0,(anonymous_3)
DA:3,6
DA:4,1
DA:7,6
DA:8,2
DA:9,2
DA:11,2
DA:12,2
DA:15,2
DA:16,1
DA:18,1
DA:22,6
DA:23,2
DA:24,2
DA:25,2
DA:28,6
DA:29,0
DA:30,0
DA:32,0
DA:33,0
DA:34,0
LF:20
LH:15
BRDA:15,0,0,1
BRDA:15,0,1,1
BRF:2
BRH:2
end_of_record
